Release 14.7 - xst P.20131013 (nt64)
Copyright (c) 1995-2013 Xilinx, Inc.  All rights reserved.
--> Parameter TMPDIR set to xst/projnav.tmp


Total REAL time to Xst completion: 0.00 secs
Total CPU time to Xst completion: 0.10 secs
 
--> Parameter xsthdpdir set to xst


Total REAL time to Xst completion: 0.00 secs
Total CPU time to Xst completion: 0.10 secs
 
--> Reading design: LMX2531.prj

TABLE OF CONTENTS
  1) Synthesis Options Summary
  2) HDL Parsing
  3) HDL Elaboration
  4) HDL Synthesis
       4.1) HDL Synthesis Report
  5) Advanced HDL Synthesis
       5.1) Advanced HDL Synthesis Report
  6) Low Level Synthesis
  7) Partition Report
  8) Design Summary
       8.1) Primitive and Black Box Usage
       8.2) Device utilization summary
       8.3) Partition Resource Summary
       8.4) Timing Report
            8.4.1) Clock Information
            8.4.2) Asynchronous Control Signals Information
            8.4.3) Timing Summary
            8.4.4) Timing Details
            8.4.5) Cross Clock Domains Report


=========================================================================
*                      Synthesis Options Summary                        *
=========================================================================
---- Source Parameters
Input File Name                    : "LMX2531.prj"
Ignore Synthesis Constraint File   : NO

---- Target Parameters
Output File Name                   : "LMX2531"
Output Format                      : NGC
Target Device                      : xc6slx4-3-tqg144

---- Source Options
Top Module Name                    : LMX2531
Automatic FSM Extraction           : YES
FSM Encoding Algorithm             : Auto
Safe Implementation                : No
FSM Style                          : LUT
RAM Extraction                     : Yes
RAM Style                          : Auto
ROM Extraction                     : Yes
Shift Register Extraction          : YES
ROM Style                          : Auto
Resource Sharing                   : YES
Asynchronous To Synchronous        : NO
Shift Register Minimum Size        : 2
Use DSP Block                      : Auto
Automatic Register Balancing       : No

---- Target Options
LUT Combining                      : Auto
Reduce Control Sets                : Auto
Add IO Buffers                     : YES
Global Maximum Fanout              : 100000
Add Generic Clock Buffer(BUFG)     : 16
Register Duplication               : YES
Optimize Instantiated Primitives   : NO
Use Clock Enable                   : Auto
Use Synchronous Set                : Auto
Use Synchronous Reset              : Auto
Pack IO Registers into IOBs        : Auto
Equivalent register Removal        : YES

---- General Options
Optimization Goal                  : Speed
Optimization Effort                : 1
Power Reduction                    : NO
Keep Hierarchy                     : No
Netlist Hierarchy                  : As_Optimized
RTL Output                         : Yes
Global Optimization                : AllClockNets
Read Cores                         : YES
Write Timing Constraints           : NO
Cross Clock Analysis               : NO
Hierarchy Separator                : /
Bus Delimiter                      : <>
Case Specifier                     : Maintain
Slice Utilization Ratio            : 100
BRAM Utilization Ratio             : 100
DSP48 Utilization Ratio            : 100
Auto BRAM Packing                  : NO
Slice Utilization Ratio Delta      : 5

=========================================================================


=========================================================================
*                          HDL Parsing                                  *
=========================================================================
Parsing VHDL file "C:\Users\SSR\Desktop\VHDL_Project\Module\LMX2531\LMX2531.vhd" into library work
Parsing entity <LMX2531>.
Parsing architecture <Behavioral> of entity <lmx2531>.

=========================================================================
*                            HDL Elaboration                            *
=========================================================================

Elaborating entity <LMX2531> (architecture <Behavioral>) from library <work>.

=========================================================================
*                           HDL Synthesis                               *
=========================================================================

Synthesizing Unit <LMX2531>.
    Related source file is "C:\Users\SSR\Desktop\VHDL_Project\Module\LMX2531\LMX2531.vhd".
    Found 2-bit register for signal <SCK_Clock_Divider>.
    Found 1-bit register for signal <Start_INT>.
    Found 1-bit register for signal <Start_Last>.
    Found 32-bit register for signal <Data_IN_INT>.
    Found 2-bit register for signal <CMD_Type_INT>.
    Found 1-bit register for signal <LE_INT>.
    Found 1-bit register for signal <SYS_Ready_INT_1>.
    Found 1-bit register for signal <SYS_Ready_INT_2>.
    Found 3-bit register for signal <LE_Disable_Counter>.
    Found 1-bit register for signal <SDIO_INT>.
    Found 5-bit register for signal <SPI_Data_Bit_Width_Buffer>.
    Found 1-bit register for signal <SCK_Disable>.
    Found 1-bit register for signal <SPI_End_Send_Data>.
    Found 1-bit register for signal <SYS_Ready_INT>.
    Found 1-bit register for signal <Set_SCK_Disable>.
    Found 1-bit register for signal <SPI_Write_State>.
    Found 32-bit register for signal <Data_IN_Buffer>.
    Found 1-bit register for signal <SCK_INT>.
    Found 2-bit adder for signal <SCK_Clock_Divider[1]_GND_4_o_add_0_OUT> created at line 1241.
    Found 3-bit adder for signal <LE_Disable_Counter[2]_GND_4_o_add_2_OUT> created at line 1241.
    Found 5-bit subtractor for signal <GND_4_o_GND_4_o_sub_7_OUT<4:0>> created at line 1308.
    Found 4x5-bit Read Only RAM for signal <CMD_Type_INT[1]_PWR_4_o_wide_mux_12_OUT>
    Found 1-bit 32-to-1 multiplexer for signal <SPI_Data_Bit_Width_Buffer[4]_Data_IN_Buffer[31]_Mux_5_o> created at line 66.
    Found 3-bit comparator greater for signal <LE_Disable_Counter[2]_GND_4_o_LessThan_2_o> created at line 61
    Found 2-bit comparator lessequal for signal <SCK_Clock_Divider[1]_PWR_4_o_LessThan_10_o> created at line 80
    Summary:
	inferred   1 RAM(s).
	inferred   3 Adder/Subtractor(s).
	inferred  88 D-type flip-flop(s).
	inferred   2 Comparator(s).
	inferred   4 Multiplexer(s).
Unit <LMX2531> synthesized.

=========================================================================
HDL Synthesis Report

Macro Statistics
# RAMs                                                 : 1
 4x5-bit single-port Read Only RAM                     : 1
# Adders/Subtractors                                   : 3
 2-bit adder                                           : 1
 3-bit adder                                           : 1
 5-bit subtractor                                      : 1
# Registers                                            : 18
 1-bit register                                        : 12
 2-bit register                                        : 2
 3-bit register                                        : 1
 32-bit register                                       : 2
 5-bit register                                        : 1
# Comparators                                          : 2
 2-bit comparator lessequal                            : 1
 3-bit comparator greater                              : 1
# Multiplexers                                         : 4
 1-bit 2-to-1 multiplexer                              : 1
 1-bit 32-to-1 multiplexer                             : 1
 2-bit 2-to-1 multiplexer                              : 1
 5-bit 2-to-1 multiplexer                              : 1

=========================================================================

=========================================================================
*                       Advanced HDL Synthesis                          *
=========================================================================


Synthesizing (advanced) Unit <LMX2531>.
The following registers are absorbed into counter <SCK_Clock_Divider>: 1 register on signal <SCK_Clock_Divider>.
The following registers are absorbed into counter <SPI_Data_Bit_Width_Buffer>: 1 register on signal <SPI_Data_Bit_Width_Buffer>.
The following registers are absorbed into counter <LE_Disable_Counter>: 1 register on signal <LE_Disable_Counter>.
INFO:Xst:3231 - The small RAM <Mram_CMD_Type_INT[1]_PWR_4_o_wide_mux_12_OUT> will be implemented on LUTs in order to maximize performance and save block RAM resources. If you want to force its implementation on block, use option/constraint ram_style.
    -----------------------------------------------------------------------
    | ram_type           | Distributed                         |          |
    -----------------------------------------------------------------------
    | Port A                                                              |
    |     aspect ratio   | 4-word x 5-bit                      |          |
    |     weA            | connected to signal <GND>           | high     |
    |     addrA          | connected to signal <CMD_Type_INT>  |          |
    |     diA            | connected to signal <GND>           |          |
    |     doA            | connected to internal node          |          |
    -----------------------------------------------------------------------
Unit <LMX2531> synthesized (advanced).

=========================================================================
Advanced HDL Synthesis Report

Macro Statistics
# RAMs                                                 : 1
 4x5-bit single-port distributed Read Only RAM         : 1
# Counters                                             : 3
 2-bit up counter                                      : 1
 3-bit up counter                                      : 1
 5-bit down counter                                    : 1
# Registers                                            : 78
 Flip-Flops                                            : 78
# Comparators                                          : 2
 2-bit comparator lessequal                            : 1
 3-bit comparator greater                              : 1
# Multiplexers                                         : 2
 1-bit 2-to-1 multiplexer                              : 1
 1-bit 32-to-1 multiplexer                             : 1

=========================================================================

=========================================================================
*                         Low Level Synthesis                           *
=========================================================================

Optimizing unit <LMX2531> ...
INFO:Xst:2261 - The FF/Latch <SYS_Ready_INT> in Unit <LMX2531> is equivalent to the following 2 FFs/Latches, which will be removed : <SPI_Write_State> <Set_SCK_Disable> 

Mapping all equations...
Building and optimizing final netlist ...
Found area constraint ratio of 100 (+ 5) on block LMX2531, actual ratio is 5.

Final Macro Processing ...

=========================================================================
Final Register Report

Macro Statistics
# Registers                                            : 86
 Flip-Flops                                            : 86

=========================================================================

=========================================================================
*                           Partition Report                            *
=========================================================================

Partition Implementation Status
-------------------------------

  No Partitions were found in this design.

-------------------------------

=========================================================================
*                            Design Summary                             *
=========================================================================

Top Level Output File Name         : LMX2531.ngc

Primitive and Black Box Usage:
------------------------------
# BELS                             : 70
#      INV                         : 1
#      LUT2                        : 3
#      LUT3                        : 5
#      LUT4                        : 37
#      LUT5                        : 7
#      LUT6                        : 16
#      MUXF7                       : 1
# FlipFlops/Latches                : 86
#      FD                          : 47
#      FDE                         : 37
#      FDR                         : 2
# Clock Buffers                    : 1
#      BUFGP                       : 1
# IO Buffers                       : 39
#      IBUF                        : 35
#      OBUF                        : 4

Device utilization summary:
---------------------------

Selected Device : 6slx4tqg144-3 


Slice Logic Utilization: 
 Number of Slice Registers:              86  out of   4800     1%  
 Number of Slice LUTs:                   69  out of   2400     2%  
    Number used as Logic:                69  out of   2400     2%  

Slice Logic Distribution: 
 Number of LUT Flip Flop pairs used:    104
   Number with an unused Flip Flop:      18  out of    104    17%  
   Number with an unused LUT:            35  out of    104    33%  
   Number of fully used LUT-FF pairs:    51  out of    104    49%  
   Number of unique control sets:         4

IO Utilization: 
 Number of IOs:                          40
 Number of bonded IOBs:                  40  out of    102    39%  

Specific Feature Utilization:
 Number of BUFG/BUFGCTRLs:                1  out of     16     6%  

---------------------------
Partition Resource Summary:
---------------------------

  No Partitions were found in this design.

---------------------------


=========================================================================
Timing Report

NOTE: THESE TIMING NUMBERS ARE ONLY A SYNTHESIS ESTIMATE.
      FOR ACCURATE TIMING INFORMATION PLEASE REFER TO THE TRACE REPORT
      GENERATED AFTER PLACE-and-ROUTE.

Clock Information:
------------------
-----------------------------------+------------------------+-------+
Clock Signal                       | Clock buffer(FF name)  | Load  |
-----------------------------------+------------------------+-------+
Clock                              | BUFGP                  | 86    |
-----------------------------------+------------------------+-------+

Asynchronous Control Signals Information:
----------------------------------------
No asynchronous control signals found in this design

Timing Summary:
---------------
Speed Grade: -3

   Minimum period: 3.728ns (Maximum Frequency: 268.266MHz)
   Minimum input arrival time before clock: 1.903ns
   Maximum output required time after clock: 5.370ns
   Maximum combinational path delay: No path found

Timing Details:
---------------
All values displayed in nanoseconds (ns)

=========================================================================
Timing constraint: Default period analysis for Clock 'Clock'
  Clock period: 3.728ns (frequency: 268.266MHz)
  Total number of paths / destination ports: 345 / 90
-------------------------------------------------------------------------
Delay:               3.728ns (Levels of Logic = 3)
  Source:            SYS_Ready_INT (FF)
  Destination:       SPI_End_Send_Data (FF)
  Source Clock:      Clock rising
  Destination Clock: Clock rising

  Data Path: SYS_Ready_INT to SPI_End_Send_Data
                                Gate     Net
    Cell:in->out      fanout   Delay   Delay  Logical Name (Net Name)
    ----------------------------------------  ------------
     FD:C->Q              53   0.447   1.815  SYS_Ready_INT (SYS_Ready_INT)
     LUT6:I2->O            1   0.203   0.000  SPI_End_Send_Data_glue_set_F (N11)
     MUXF7:I0->O           1   0.131   0.827  SPI_End_Send_Data_glue_set (SPI_End_Send_Data_glue_set)
     LUT4:I0->O            1   0.203   0.000  SPI_End_Send_Data_rstpot (SPI_End_Send_Data_rstpot)
     FD:D                      0.102          SPI_End_Send_Data
    ----------------------------------------
    Total                      3.728ns (1.086ns logic, 2.642ns route)
                                       (29.1% logic, 70.9% route)

=========================================================================
Timing constraint: Default OFFSET IN BEFORE for Clock 'Clock'
  Total number of paths / destination ports: 35 / 35
-------------------------------------------------------------------------
Offset:              1.903ns (Levels of Logic = 1)
  Source:            Start (PAD)
  Destination:       Start_INT (FF)
  Destination Clock: Clock rising

  Data Path: Start to Start_INT
                                Gate     Net
    Cell:in->out      fanout   Delay   Delay  Logical Name (Net Name)
    ----------------------------------------  ------------
     IBUF:I->O             1   1.222   0.579  Start_IBUF (Start_IBUF)
     FD:D                      0.102          Start_INT
    ----------------------------------------
    Total                      1.903ns (1.324ns logic, 0.579ns route)
                                       (69.6% logic, 30.4% route)

=========================================================================
Timing constraint: Default OFFSET OUT AFTER for Clock 'Clock'
  Total number of paths / destination ports: 7 / 4
-------------------------------------------------------------------------
Offset:              5.370ns (Levels of Logic = 2)
  Source:            SYS_Ready_INT (FF)
  Destination:       SYS_Ready (PAD)
  Source Clock:      Clock rising

  Data Path: SYS_Ready_INT to SYS_Ready
                                Gate     Net
    Cell:in->out      fanout   Delay   Delay  Logical Name (Net Name)
    ----------------------------------------  ------------
     FD:C->Q              53   0.447   1.568  SYS_Ready_INT (SYS_Ready_INT)
     LUT3:I2->O            1   0.205   0.579  SYS_Ready1 (SYS_Ready_OBUF)
     OBUF:I->O                 2.571          SYS_Ready_OBUF (SYS_Ready)
    ----------------------------------------
    Total                      5.370ns (3.223ns logic, 2.147ns route)
                                       (60.0% logic, 40.0% route)

=========================================================================

Cross Clock Domains Report:
--------------------------

Clock to Setup on destination clock Clock
---------------+---------+---------+---------+---------+
               | Src:Rise| Src:Fall| Src:Rise| Src:Fall|
Source Clock   |Dest:Rise|Dest:Rise|Dest:Fall|Dest:Fall|
---------------+---------+---------+---------+---------+
Clock          |    3.728|         |         |         |
---------------+---------+---------+---------+---------+

=========================================================================


Total REAL time to Xst completion: 7.00 secs
Total CPU time to Xst completion: 6.36 secs
 
--> 

Total memory usage is 261976 kilobytes

Number of errors   :    0 (   0 filtered)
Number of warnings :    0 (   0 filtered)
Number of infos    :    2 (   0 filtered)

